<?xml version="1.0" encoding="UTF-8"?>
<testsuite xmlns:xsi="http://www.w3.org/2001/XMLSchema-instance" xsi:noNamespaceSchemaLocation="https://maven.apache.org/surefire/maven-surefire-plugin/xsd/surefire-test-report.xsd" name="com.example.AppTest" time="0.741" tests="8" errors="0" skipped="0" failures="0">
  <properties>
[...]
</properties>
  <testcase name="isNullSubstraction" classname="com.example.AppTest" time="0.025"/>
  <testcase name="isNullDivision" classname="com.example.AppTest" time="0"/>
  <testcase name="isNullMultiply" classname="com.example.AppTest" time="0.007"/>
  <testcase name="multiplyTesting" classname="com.example.AppTest" time="0.076"/>
  <testcase name="isNullAdd" classname="com.example.AppTest" time="0.011"/>
  <testcase name="divisionByZero" classname="com.example.AppTest" time="0"/>
  <testcase name="isMajor" classname="com.example.AppTest" time="0.016"/>
  <testcase name="isMinor" classname="com.example.AppTest" time="0.007"/>
</testsuite>